{
  meta: {
    req: {
      url: '/500',
      headers: {
        'user-agent': 'vscode-restclient',
        'accept-encoding': 'gzip, deflate',
        host: 'localhost:3000',
        connection: 'close'
      },
      method: 'GET',
      httpVersion: '1.1',
      originalUrl: '/500',
      query: {}
    },
    res: { statusCode: 500 },
    responseTime: 3
  },
  level: 'error',
  message: 'HTTP GET /500',
  timestamp: '2023-11-13T11:26:12.020Z'
}
{
  meta: {
    req: {
      url: '/500',
      headers: {
        'user-agent': 'vscode-restclient',
        'accept-encoding': 'gzip, deflate',
        host: 'localhost:3000',
        connection: 'close'
      },
      method: 'GET',
      httpVersion: '1.1',
      originalUrl: '/500',
      query: {}
    },
    res: { statusCode: 500 },
    responseTime: 2
  },
  level: 'error',
  message: 'HTTP GET /500',
  timestamp: '2023-11-13T11:26:12.395Z'
}
